18:34:31.641 [main] INFO  org.testng.internal.Utils - [Utils] MethodGroupsHelper.collectMethodsByGroup() took 0 ms.
18:34:31.647 [main] INFO  org.testng.internal.Utils - [Utils] MethodGroupsHelper.sortMethods() took 1 ms.
18:34:31.649 [main] INFO  org.testng.internal.Utils - [Utils] MethodGroupsHelper.collectMethodsByGroup() took 0 ms.
18:34:31.649 [main] INFO  org.testng.internal.Utils - [Utils] MethodGroupsHelper.sortMethods() took 0 ms.
18:34:31.650 [main] INFO  org.testng.internal.Utils - [Utils] MethodGroupsHelper.collectMethodsByGroup() took 0 ms.
18:34:31.650 [main] INFO  org.testng.internal.Utils - [Utils] MethodGroupsHelper.sortMethods() took 0 ms.
18:34:31.652 [main] INFO  org.testng.internal.Utils - [Utils] MethodGroupsHelper.collectMethodsByGroup() took 0 ms.
18:34:31.652 [main] INFO  org.testng.internal.Utils - [Utils] MethodGroupsHelper.sortMethods() took 0 ms.
18:34:31.657 [main] INFO  org.testng.internal.Utils - [Utils] MethodGroupsHelper.collectMethodsByGroup() took 4 ms.
18:34:31.664 [main] INFO  org.testng.internal.Utils - [Utils] MethodGroupsHelper.sortMethods() took 7 ms.
18:34:31.665 [main] INFO  org.testng.internal.Utils - [Utils] MethodGroupsHelper.collectMethodsByGroup() took 0 ms.
18:34:31.666 [main] INFO  org.testng.internal.Utils - [Utils] MethodGroupsHelper.sortMethods() took 0 ms.
18:34:31.667 [main] INFO  org.testng.internal.Utils - [Utils] MethodGroupsHelper.collectMethodsByGroup() took 0 ms.
18:34:31.668 [main] INFO  org.testng.internal.Utils - [Utils] MethodGroupsHelper.sortMethods() took 0 ms.
18:34:31.668 [main] INFO  org.testng.internal.Utils - [Utils] MethodGroupsHelper.collectMethodsByGroup() took 0 ms.
18:34:31.668 [main] INFO  org.testng.internal.Utils - [Utils] MethodGroupsHelper.sortMethods() took 0 ms.
18:34:31.670 [main] INFO  org.testng.internal.Utils - [Utils] MethodGroupsHelper.collectMethodsByGroup() took 0 ms.
18:34:31.670 [main] INFO  org.testng.internal.Utils - [Utils] MethodGroupsHelper.sortMethods() took 0 ms.
18:34:31.671 [main] INFO  org.testng.internal.Utils - [Utils] MethodGroupsHelper.collectMethodsByGroup() took 0 ms.
18:34:31.671 [main] INFO  org.testng.internal.Utils - [Utils] MethodGroupsHelper.sortMethods() took 0 ms.
18:34:31.673 [main] INFO  org.testng.internal.Utils - [Utils] MethodGroupsHelper.collectMethodsByGroup() took 0 ms.
18:34:31.673 [main] INFO  org.testng.internal.Utils - [Utils] MethodGroupsHelper.sortMethods() took 0 ms.
18:34:31.673 [main] INFO  org.testng.internal.Utils - [Utils] MethodGroupsHelper.collectMethodsByGroup() took 0 ms.
18:34:31.675 [main] INFO  org.testng.internal.Utils - [Utils] MethodGroupsHelper.sortMethods() took 0 ms.
18:34:31.676 [main] INFO  org.testng.internal.Utils - [Utils] MethodGroupsHelper.collectMethodsByGroup() took 1 ms.
18:34:31.676 [main] INFO  org.testng.internal.Utils - [Utils] MethodGroupsHelper.sortMethods() took 0 ms.
18:34:31.678 [main] INFO  org.testng.internal.Utils - [Utils] MethodGroupsHelper.collectMethodsByGroup() took 0 ms.
18:34:31.678 [main] INFO  org.testng.internal.Utils - [Utils] MethodGroupsHelper.sortMethods() took 0 ms.
18:34:31.678 [main] INFO  org.testng.internal.Utils - [Utils] MethodGroupsHelper.collectMethodsByGroup() took 0 ms.
18:34:31.678 [main] INFO  org.testng.internal.Utils - [Utils] MethodGroupsHelper.sortMethods() took 0 ms.
18:34:31.687 [main] INFO  org.testng.internal.Utils - [TestNG] Running:
  C:\Users\sekar\AppData\Local\Temp\testng-eclipse--1204955588\testng-customsuite.xml

18:34:31.711 [main] INFO  org.testng.internal.Utils - [Utils] DynamicGraphHelper.createDynamicGraph() took 5 ms.
18:34:34.993 [main] INFO  testCases.TC001_AccountRegistrationTest - *****Registration Test starting******
18:34:35.056 [main] INFO  testCases.TC001_AccountRegistrationTest - Clicked on Registration link
18:34:37.462 [main] INFO  testCases.TC001_AccountRegistrationTest - Validating registration successful message
18:34:37.464 [main] INFO  testCases.TC001_AccountRegistrationTest - *****Registration Test execution completed******
18:34:37.655 [main] INFO  org.testng.internal.Utils - [TestNG] Time taken by org.testng.reporters.jq.Main@72e789cb: 36 ms
18:34:37.655 [main] INFO  org.testng.internal.Utils - [TestNG] Time taken by org.testng.reporters.FailedReporter@7c1812b3: 0 ms
18:34:37.662 [main] INFO  org.testng.internal.Utils - [TestNG] Time taken by org.testng.reporters.XMLReporter@6f9ad11c: 6 ms
18:34:37.665 [main] INFO  org.testng.internal.Utils - [TestNG] Time taken by org.testng.reporters.EmailableReporter2@6c8909c3: 3 ms
18:34:37.669 [main] INFO  org.testng.internal.Utils - [TestNG] Time taken by org.testng.reporters.JUnitReportReporter@f4cfd90: 3 ms
18:34:37.669 [main] INFO  org.testng.internal.Utils - [TestNG] Time taken by org.testng.internal.ExitCodeListener@7ae9a33a: 0 ms
21:06:01.709 [main] INFO  org.testng.internal.Utils - [TestNG] Running:
  C:\Users\sekar\eclipse-workspace-1\OpencartV121\master.xml

21:06:05.577 [main] INFO  testCases.TC001_AccountRegistrationTest - *****Registration Test starting******
21:06:05.647 [main] INFO  testCases.TC001_AccountRegistrationTest - Clicked on Registration link
21:06:07.869 [main] INFO  testCases.TC001_AccountRegistrationTest - Validating registration successful message
21:06:07.872 [main] INFO  testCases.TC001_AccountRegistrationTest - *****Registration Test execution completed******
21:06:25.421 [main] INFO  org.testng.internal.Utils - [TestNG] Running:
  C:\Users\sekar\eclipse-workspace-1\OpencartV121\master.xml

21:06:31.062 [main] INFO  testCases.TC001_AccountRegistrationTest - *****Registration Test starting******
21:06:31.324 [main] INFO  testCases.TC001_AccountRegistrationTest - Clicked on Registration link
21:06:33.599 [main] INFO  testCases.TC001_AccountRegistrationTest - Validating registration successful message
21:06:33.602 [main] INFO  testCases.TC001_AccountRegistrationTest - *****Registration Test execution completed******
21:06:44.513 [main] INFO  org.testng.internal.Utils - [TestNG] Running:
  C:\Users\sekar\eclipse-workspace-1\OpencartV121\master.xml

21:06:48.283 [main] INFO  testCases.TC001_AccountRegistrationTest - *****Registration Test starting******
21:06:48.362 [main] INFO  testCases.TC001_AccountRegistrationTest - Clicked on Registration link
21:06:50.681 [main] INFO  testCases.TC001_AccountRegistrationTest - Validating registration successful message
21:06:50.682 [main] INFO  testCases.TC001_AccountRegistrationTest - *****Registration Test execution completed******
21:07:13.328 [main] INFO  org.testng.internal.Utils - [TestNG] Running:
  C:\Users\sekar\eclipse-workspace-1\OpencartV121\master.xml

21:07:17.724 [main] INFO  testCases.TC001_AccountRegistrationTest - *****Registration Test starting******
21:07:18.002 [main] INFO  testCases.TC001_AccountRegistrationTest - Clicked on Registration link
21:07:20.105 [main] INFO  testCases.TC001_AccountRegistrationTest - Validating registration successful message
21:07:20.107 [main] INFO  testCases.TC001_AccountRegistrationTest - *****Registration Test execution completed******
21:11:55.537 [main] INFO  org.testng.internal.Utils - [TestNG] Running:
  C:\Users\sekar\eclipse-workspace-1\OpencartV121\crossbrowsertesting.xml

21:11:58.529 [main] INFO  testCases.TC001_AccountRegistrationTest - *****Registration Test starting******
21:11:58.599 [main] INFO  testCases.TC001_AccountRegistrationTest - Clicked on Registration link
21:12:00.649 [main] INFO  testCases.TC001_AccountRegistrationTest - Validating registration successful message
21:12:00.651 [main] INFO  testCases.TC001_AccountRegistrationTest - *****Registration Test execution completed******
21:12:03.161 [main] INFO  testCases.TC001_AccountRegistrationTest - *****Registration Test starting******
21:12:03.227 [main] INFO  testCases.TC001_AccountRegistrationTest - Clicked on Registration link
21:12:05.239 [main] INFO  testCases.TC001_AccountRegistrationTest - Validating registration successful message
21:12:05.239 [main] INFO  testCases.TC001_AccountRegistrationTest - *****Registration Test execution completed******
21:12:10.344 [main] INFO  testCases.TC001_AccountRegistrationTest - *****Registration Test starting******
21:12:10.596 [main] INFO  testCases.TC001_AccountRegistrationTest - Clicked on Registration link
21:12:12.763 [main] INFO  testCases.TC001_AccountRegistrationTest - Validating registration successful message
21:12:12.763 [main] INFO  testCases.TC001_AccountRegistrationTest - *****Registration Test execution completed******
21:13:21.847 [main] INFO  org.testng.internal.Utils - [TestNG] Running:
  C:\Users\sekar\eclipse-workspace-1\OpencartV121\crossbrowsertesting.xml

21:13:24.989 [TestNG-tests-2] INFO  testCases.TC001_AccountRegistrationTest - *****Registration Test starting******
21:13:25.094 [TestNG-tests-2] INFO  testCases.TC001_AccountRegistrationTest - Clicked on Registration link
21:13:25.760 [TestNG-tests-1] INFO  testCases.TC001_AccountRegistrationTest - *****Registration Test starting******
21:13:25.839 [TestNG-tests-1] INFO  testCases.TC001_AccountRegistrationTest - Clicked on Registration link
21:13:27.023 [TestNG-tests-3] INFO  testCases.TC001_AccountRegistrationTest - *****Registration Test starting******
21:13:27.284 [TestNG-tests-3] INFO  testCases.TC001_AccountRegistrationTest - Clicked on Registration link
21:13:27.325 [TestNG-tests-2] INFO  testCases.TC001_AccountRegistrationTest - Validating registration successful message
21:13:27.327 [TestNG-tests-2] INFO  testCases.TC001_AccountRegistrationTest - *****Registration Test execution completed******
21:13:28.113 [TestNG-tests-1] INFO  testCases.TC001_AccountRegistrationTest - Validating registration successful message
21:13:28.113 [TestNG-tests-1] INFO  testCases.TC001_AccountRegistrationTest - *****Registration Test execution completed******
21:13:29.752 [TestNG-tests-3] INFO  testCases.TC001_AccountRegistrationTest - Validating registration successful message
21:13:29.752 [TestNG-tests-3] INFO  testCases.TC001_AccountRegistrationTest - *****Registration Test execution completed******
21:26:56.502 [main] INFO  org.testng.internal.Utils - [TestNG] Running:
  C:\Users\sekar\eclipse-workspace-1\OpencartV121\master.xml

21:26:59.742 [main] INFO  testCases.TC001_AccountRegistrationTest - *****Registration Test starting******
21:26:59.818 [main] INFO  testCases.TC001_AccountRegistrationTest - Clicked on Registration link
21:27:02.201 [main] INFO  testCases.TC001_AccountRegistrationTest - Validating registration successful message
21:27:02.203 [main] INFO  testCases.TC001_AccountRegistrationTest - *****Registration Test execution completed******
21:40:23.376 [main] INFO  org.testng.internal.Utils - [TestNG] Running:
  C:\Users\sekar\eclipse-workspace-1\OpencartV121\master.xml

21:40:26.416 [main] INFO  testCases.TC001_AccountRegistrationTest - *****Registration Test starting******
21:40:26.499 [main] INFO  testCases.TC001_AccountRegistrationTest - Clicked on Registration link
21:40:28.539 [main] INFO  testCases.TC001_AccountRegistrationTest - Validating registration successful message
21:40:28.540 [main] INFO  testCases.TC001_AccountRegistrationTest - *****Registration Test execution completed******
21:41:10.707 [main] INFO  org.testng.internal.Utils - [Utils] MethodGroupsHelper.collectMethodsByGroup() took 0 ms.
21:41:10.713 [main] INFO  org.testng.internal.Utils - [Utils] MethodGroupsHelper.sortMethods() took 1 ms.
21:41:10.715 [main] INFO  org.testng.internal.Utils - [Utils] MethodGroupsHelper.collectMethodsByGroup() took 0 ms.
21:41:10.715 [main] INFO  org.testng.internal.Utils - [Utils] MethodGroupsHelper.sortMethods() took 0 ms.
21:41:10.715 [main] INFO  org.testng.internal.Utils - [Utils] MethodGroupsHelper.collectMethodsByGroup() took 0 ms.
21:41:10.716 [main] INFO  org.testng.internal.Utils - [Utils] MethodGroupsHelper.sortMethods() took 0 ms.
21:41:10.716 [main] INFO  org.testng.internal.Utils - [Utils] MethodGroupsHelper.collectMethodsByGroup() took 0 ms.
21:41:10.716 [main] INFO  org.testng.internal.Utils - [Utils] MethodGroupsHelper.sortMethods() took 0 ms.
21:41:10.724 [main] INFO  org.testng.internal.Utils - [Utils] MethodGroupsHelper.collectMethodsByGroup() took 5 ms.
21:41:10.730 [main] INFO  org.testng.internal.Utils - [Utils] MethodGroupsHelper.sortMethods() took 5 ms.
21:41:10.732 [main] INFO  org.testng.internal.Utils - [Utils] MethodGroupsHelper.collectMethodsByGroup() took 0 ms.
21:41:10.733 [main] INFO  org.testng.internal.Utils - [Utils] MethodGroupsHelper.sortMethods() took 0 ms.
21:41:10.734 [main] INFO  org.testng.internal.Utils - [Utils] MethodGroupsHelper.collectMethodsByGroup() took 0 ms.
21:41:10.734 [main] INFO  org.testng.internal.Utils - [Utils] MethodGroupsHelper.sortMethods() took 0 ms.
21:41:10.734 [main] INFO  org.testng.internal.Utils - [Utils] MethodGroupsHelper.collectMethodsByGroup() took 0 ms.
21:41:10.735 [main] INFO  org.testng.internal.Utils - [Utils] MethodGroupsHelper.sortMethods() took 0 ms.
21:41:10.736 [main] INFO  org.testng.internal.Utils - [Utils] MethodGroupsHelper.collectMethodsByGroup() took 0 ms.
21:41:10.736 [main] INFO  org.testng.internal.Utils - [Utils] MethodGroupsHelper.sortMethods() took 0 ms.
21:41:10.737 [main] INFO  org.testng.internal.Utils - [Utils] MethodGroupsHelper.collectMethodsByGroup() took 0 ms.
21:41:10.737 [main] INFO  org.testng.internal.Utils - [Utils] MethodGroupsHelper.sortMethods() took 0 ms.
21:41:10.739 [main] INFO  org.testng.internal.Utils - [Utils] MethodGroupsHelper.collectMethodsByGroup() took 0 ms.
21:41:10.739 [main] INFO  org.testng.internal.Utils - [Utils] MethodGroupsHelper.sortMethods() took 0 ms.
21:41:10.739 [main] INFO  org.testng.internal.Utils - [Utils] MethodGroupsHelper.collectMethodsByGroup() took 0 ms.
21:41:10.739 [main] INFO  org.testng.internal.Utils - [Utils] MethodGroupsHelper.sortMethods() took 0 ms.
21:41:10.740 [main] INFO  org.testng.internal.Utils - [Utils] MethodGroupsHelper.collectMethodsByGroup() took 1 ms.
21:41:10.740 [main] INFO  org.testng.internal.Utils - [Utils] MethodGroupsHelper.sortMethods() took 0 ms.
21:41:10.741 [main] INFO  org.testng.internal.Utils - [Utils] MethodGroupsHelper.collectMethodsByGroup() took 0 ms.
21:41:10.741 [main] INFO  org.testng.internal.Utils - [Utils] MethodGroupsHelper.sortMethods() took 0 ms.
21:41:10.741 [main] INFO  org.testng.internal.Utils - [Utils] MethodGroupsHelper.collectMethodsByGroup() took 0 ms.
21:41:10.742 [main] INFO  org.testng.internal.Utils - [Utils] MethodGroupsHelper.sortMethods() took 0 ms.
21:41:10.748 [main] INFO  org.testng.internal.Utils - [TestNG] Running:
  C:\Users\sekar\AppData\Local\Temp\testng-eclipse-269657930\testng-customsuite.xml

21:41:10.760 [main] INFO  org.testng.internal.Utils - [Utils] DynamicGraphHelper.createDynamicGraph() took 3 ms.
21:41:10.887 [main] INFO  org.testng.internal.Utils - [TestNG] Time taken by org.testng.reporters.jq.Main@2a1edad4: 40 ms
21:41:10.900 [main] INFO  org.testng.internal.Utils - [TestNG] Time taken by org.testng.reporters.FailedReporter@5dbe30be: 12 ms
21:41:10.907 [main] INFO  org.testng.internal.Utils - [TestNG] Time taken by org.testng.reporters.XMLReporter@52500920: 7 ms
21:41:10.916 [main] INFO  org.testng.internal.Utils - [TestNG] Time taken by org.testng.reporters.EmailableReporter2@41fe9859: 9 ms
21:41:10.921 [main] INFO  org.testng.internal.Utils - [TestNG] Time taken by org.testng.reporters.JUnitReportReporter@63c5efee: 5 ms
21:41:10.921 [main] INFO  org.testng.internal.Utils - [TestNG] Time taken by org.testng.internal.ExitCodeListener@2d10e0b1: 0 ms
21:41:21.311 [main] INFO  org.testng.internal.Utils - [TestNG] Running:
  C:\Users\sekar\eclipse-workspace-1\OpencartV121\master.xml

21:41:23.972 [main] INFO  testCases.TC001_AccountRegistrationTest - *****Registration Test starting******
21:41:24.041 [main] INFO  testCases.TC001_AccountRegistrationTest - Clicked on Registration link
21:41:26.124 [main] INFO  testCases.TC001_AccountRegistrationTest - Validating registration successful message
21:41:26.125 [main] INFO  testCases.TC001_AccountRegistrationTest - *****Registration Test execution completed******
00:53:27.971 [main] INFO  org.testng.internal.Utils - [TestNG] Running:
  C:\Users\sekar\eclipse-workspace-1\OpencartV121\master.xml

00:53:32.083 [main] INFO  testCases.TC001_AccountRegistrationTest - *****Registration Test starting******
00:53:32.155 [main] INFO  testCases.TC001_AccountRegistrationTest - Clicked on Registration link
00:53:34.324 [main] INFO  testCases.TC001_AccountRegistrationTest - Validating registration successful message
00:53:34.326 [main] INFO  testCases.TC001_AccountRegistrationTest - *****Registration Test execution completed******
00:53:37.044 [main] INFO  testCases.TC002_LoginTest - **** Login test started******
00:53:37.044 [main] INFO  testCases.TC002_LoginTest - Login test started
00:53:38.706 [main] INFO  testCases.TC002_LoginTest - Login test passed
00:55:13.154 [main] INFO  org.testng.internal.Utils - [TestNG] Running:
  C:\Users\sekar\eclipse-workspace-1\OpencartV121\crossbrowsertesting.xml

00:55:16.294 [TestNG-tests-1] INFO  testCases.TC001_AccountRegistrationTest - *****Registration Test starting******
00:55:16.412 [TestNG-tests-1] INFO  testCases.TC001_AccountRegistrationTest - Clicked on Registration link
00:55:16.696 [TestNG-tests-2] INFO  testCases.TC001_AccountRegistrationTest - *****Registration Test starting******
00:55:16.791 [TestNG-tests-2] INFO  testCases.TC001_AccountRegistrationTest - Clicked on Registration link
00:55:18.666 [TestNG-tests-1] INFO  testCases.TC001_AccountRegistrationTest - Validating registration successful message
00:55:18.667 [TestNG-tests-1] INFO  testCases.TC001_AccountRegistrationTest - *****Registration Test execution completed******
00:55:19.129 [TestNG-tests-2] INFO  testCases.TC001_AccountRegistrationTest - Validating registration successful message
00:55:19.130 [TestNG-tests-2] INFO  testCases.TC001_AccountRegistrationTest - *****Registration Test execution completed******
00:55:19.542 [TestNG-tests-3] INFO  testCases.TC001_AccountRegistrationTest - *****Registration Test starting******
00:55:19.854 [TestNG-tests-3] INFO  testCases.TC001_AccountRegistrationTest - Clicked on Registration link
00:55:21.534 [TestNG-tests-1] INFO  testCases.TC002_LoginTest - **** Login test started******
00:55:21.535 [TestNG-tests-1] INFO  testCases.TC002_LoginTest - Login test started
00:55:22.175 [TestNG-tests-3] INFO  testCases.TC001_AccountRegistrationTest - Validating registration successful message
00:55:22.176 [TestNG-tests-3] INFO  testCases.TC001_AccountRegistrationTest - *****Registration Test execution completed******
00:55:23.500 [TestNG-tests-1] INFO  testCases.TC002_LoginTest - Login test passed
00:55:23.552 [TestNG-tests-2] INFO  testCases.TC002_LoginTest - **** Login test started******
00:55:23.552 [TestNG-tests-2] INFO  testCases.TC002_LoginTest - Login test started
00:55:25.232 [TestNG-tests-2] INFO  testCases.TC002_LoginTest - Login test passed
00:55:28.042 [TestNG-tests-3] INFO  testCases.TC002_LoginTest - **** Login test started******
00:55:28.043 [TestNG-tests-3] INFO  testCases.TC002_LoginTest - Login test started
00:55:29.701 [TestNG-tests-3] INFO  testCases.TC002_LoginTest - Login test passed
